<?xml version="1.0" encoding="UTF-8"?>
<testsuite xmlns:xsi="http://www.w3.org/2001/XMLSchema-instance" xsi:noNamespaceSchemaLocation="https://maven.apache.org/surefire/maven-surefire-plugin/xsd/surefire-test-report-3.0.xsd" version="3.0" name="com.mycompany.ASGSM_Subsystem.ASGSMSubsystemTest" time="0.069" tests="5" errors="0" skipped="0" failures="0">
  <properties>
[...]
</properties>
  <testcase name="testAssignGroomerToAppointment" classname="com.mycompany.ASGSM_Subsystem.ASGSMSubsystemTest" time="0.008">
    <system-out><![CDATA[Groomer Alice has been assigned to appointment APT789
]]></system-out>
  </testcase>
  <testcase name="testGroomingRecord" classname="com.mycompany.ASGSM_Subsystem.ASGSMSubsystemTest" time="0">
    <system-out><![CDATA[Recording grooming status for pet: PET456
]]></system-out>
  </testcase>
  <testcase name="testCreateAppointment" classname="com.mycompany.ASGSM_Subsystem.ASGSMSubsystemTest" time="0">
    <system-out><![CDATA[Appointment created for customer CUST001 at 2025-05-10T10:30
]]></system-out>
  </testcase>
  <testcase name="testPetManagement" classname="com.mycompany.ASGSM_Subsystem.ASGSMSubsystemTest" time="0.001">
    <system-out><![CDATA[Mock: Registering pet...
Mock: Updating pet info...
Mock: Deactivating profile...
Mock: Reactivating profile...
Mock: Getting grooming history...
]]></system-out>
  </testcase>
  <testcase name="testCreateAppointment1" classname="com.mycompany.ASGSM_Subsystem.ASGSMSubsystemTest" time="0">
    <system-out><![CDATA[Appointment created for customer CUST001 at 2025-05-10T10:30
]]></system-out>
  </testcase>
</testsuite>